<?xml version="1.0" encoding="UTF-8"?>
<!-- Generated by org.testng.reporters.JUnitXMLReporter -->
<testsuite hostname="DESKTOP-21K5A9E" ignored="0" name="Test" tests="1" failures="0" timestamp="03 Aug 2019 13:37:37 GMT" time="29.411" errors="0">
  <testcase name="@AfterMethod attachScreenShottoReport" time="0.001" classname="com.CommonMethods.BaseClass">
    <failure type="java.lang.NullPointerException">
      <![CDATA[java.lang.NullPointerException
at com.CommonMethods.BaseClass.attachScreenShottoReport(BaseClass.java:112)
... Removed 32 stack frames]]>
    </failure>
  </testcase> <!-- @AfterMethod attachScreenShottoReport -->
  <testcase name="exexutemethod" time="29.343" classname="com.TestRunner.LaunchApplication"/>
</testsuite> <!-- Test -->
