<?xml version="1.0" encoding="UTF-8"?>
<testng-results skipped="0" failed="0" ignored="0" total="1" passed="1">
  <reporter-output>
    <line>
      <![CDATA[Report Process Started]]>
    </line>
  </reporter-output>
  <suite name="Suite" duration-ms="29411" started-at="2019-08-03T13:37:08Z" finished-at="2019-08-03T13:37:37Z">
    <groups>
    </groups>
    <test name="Test" duration-ms="29411" started-at="2019-08-03T13:37:08Z" finished-at="2019-08-03T13:37:37Z">
      <class name="com.TestRunner.LaunchApplication">
        <test-method status="PASS" signature="createReportName()[pri:0, instance:com.TestRunner.LaunchApplication@617c74e5]" name="createReportName" is-config="true" duration-ms="378" started-at="2019-08-03T13:37:08Z" finished-at="2019-08-03T13:37:08Z">
          <reporter-output>
          </reporter-output>
        </test-method> <!-- createReportName -->
        <test-method status="PASS" signature="exexutemethod()[pri:0, instance:com.TestRunner.LaunchApplication@617c74e5]" name="exexutemethod" duration-ms="29343" started-at="2019-08-03T13:37:08Z" finished-at="2019-08-03T13:37:37Z">
          <reporter-output>
          </reporter-output>
        </test-method> <!-- exexutemethod -->
        <test-method status="FAIL" signature="attachScreenShottoReport()[pri:0, instance:com.TestRunner.LaunchApplication@617c74e5]" name="attachScreenShottoReport" is-config="true" duration-ms="1" started-at="2019-08-03T13:37:37Z" finished-at="2019-08-03T13:37:37Z">
          <exception class="java.lang.NullPointerException">
            <full-stacktrace>
              <![CDATA[java.lang.NullPointerException
at com.CommonMethods.BaseClass.attachScreenShottoReport(BaseClass.java:112)
at sun.reflect.NativeMethodAccessorImpl.invoke0(Native Method)
at sun.reflect.NativeMethodAccessorImpl.invoke(NativeMethodAccessorImpl.java:62)
at sun.reflect.DelegatingMethodAccessorImpl.invoke(DelegatingMethodAccessorImpl.java:43)
at java.lang.reflect.Method.invoke(Method.java:498)
at org.testng.internal.MethodInvocationHelper.invokeMethod(MethodInvocationHelper.java:124)
at org.testng.internal.MethodInvocationHelper.invokeMethodConsideringTimeout(MethodInvocationHelper.java:59)
at org.testng.internal.Invoker.invokeConfigurationMethod(Invoker.java:458)
at org.testng.internal.Invoker.invokeConfigurations(Invoker.java:222)
at org.testng.internal.Invoker.invokeMethod(Invoker.java:646)
at org.testng.internal.Invoker.invokeTestMethod(Invoker.java:719)
at org.testng.internal.Invoker.invokeTestMethods(Invoker.java:989)
at org.testng.internal.TestMethodWorker.invokeTestMethods(TestMethodWorker.java:125)
at org.testng.internal.TestMethodWorker.run(TestMethodWorker.java:109)
at org.testng.TestRunner.privateRun(TestRunner.java:648)
at org.testng.TestRunner.run(TestRunner.java:505)
at org.testng.SuiteRunner.runTest(SuiteRunner.java:455)
at org.testng.SuiteRunner.runSequentially(SuiteRunner.java:450)
at org.testng.SuiteRunner.privateRun(SuiteRunner.java:415)
at org.testng.SuiteRunner.run(SuiteRunner.java:364)
at org.testng.SuiteRunnerWorker.runSuite(SuiteRunnerWorker.java:52)
at org.testng.SuiteRunnerWorker.run(SuiteRunnerWorker.java:84)
at org.testng.TestNG.runSuitesSequentially(TestNG.java:1208)
at org.testng.TestNG.runSuitesLocally(TestNG.java:1137)
at org.testng.TestNG.runSuites(TestNG.java:1049)
at org.testng.TestNG.run(TestNG.java:1017)
at org.apache.maven.surefire.testng.TestNGExecutor.run(TestNGExecutor.java:283)
at org.apache.maven.surefire.testng.TestNGXmlTestSuite.execute(TestNGXmlTestSuite.java:75)
at org.apache.maven.surefire.testng.TestNGProvider.invoke(TestNGProvider.java:120)
at org.apache.maven.surefire.booter.ForkedBooter.invokeProviderInSameClassLoader(ForkedBooter.java:384)
at org.apache.maven.surefire.booter.ForkedBooter.runSuitesInProcess(ForkedBooter.java:345)
at org.apache.maven.surefire.booter.ForkedBooter.execute(ForkedBooter.java:126)
at org.apache.maven.surefire.booter.ForkedBooter.main(ForkedBooter.java:418)
]]>
            </full-stacktrace>
          </exception> <!-- java.lang.NullPointerException -->
          <reporter-output>
            <line>
              <![CDATA[Report Process Started]]>
            </line>
          </reporter-output>
        </test-method> <!-- attachScreenShottoReport -->
      </class> <!-- com.TestRunner.LaunchApplication -->
    </test> <!-- Test -->
  </suite> <!-- Suite -->
</testng-results>
