<?xml version="1.0" encoding="UTF-8"?>
<testng-results skipped="0" failed="0" ignored="0" total="1" passed="1">
  <reporter-output>
    <line>
      <![CDATA[Report Process Started]]>
    </line>
    <line>
      <![CDATA[Add Sucess Snap shot]]>
    </line>
    <line>
      <![CDATA[Report Genereated Please Check]]>
    </line>
  </reporter-output>
  <suite name="Suite" duration-ms="43406" started-at="2019-08-04T10:19:47Z" finished-at="2019-08-04T10:20:30Z">
    <groups>
    </groups>
    <test name="Test" duration-ms="43406" started-at="2019-08-04T10:19:47Z" finished-at="2019-08-04T10:20:30Z">
      <class name="com.TestRunner.LaunchApplication">
        <test-method status="PASS" signature="createReportName()[pri:0, instance:com.TestRunner.LaunchApplication@617c74e5]" name="createReportName" is-config="true" duration-ms="381" started-at="2019-08-04T10:19:47Z" finished-at="2019-08-04T10:19:47Z">
          <reporter-output>
          </reporter-output>
        </test-method> <!-- createReportName -->
        <test-method status="PASS" signature="exexutemethod()[pri:0, instance:com.TestRunner.LaunchApplication@617c74e5]" name="exexutemethod" duration-ms="41806" started-at="2019-08-04T10:19:47Z" finished-at="2019-08-04T10:20:29Z">
          <reporter-output>
          </reporter-output>
        </test-method> <!-- exexutemethod -->
        <test-method status="PASS" signature="attachScreenShottoReport(org.testng.ITestResult)[pri:0, instance:com.TestRunner.LaunchApplication@617c74e5]" name="attachScreenShottoReport" is-config="true" duration-ms="1561" started-at="2019-08-04T10:20:29Z" finished-at="2019-08-04T10:20:30Z">
          <params>
            <param index="0">
              <value>
                <![CDATA[[TestResult name=exexutemethod status=SUCCESS method=LaunchApplication.exexutemethod()[pri:0, instance:com.TestRunner.LaunchApplication@617c74e5] output={null}]]]>
              </value>
            </param>
          </params>
          <reporter-output>
            <line>
              <![CDATA[Report Process Started]]>
            </line>
            <line>
              <![CDATA[Add Sucess Snap shot]]>
            </line>
            <line>
              <![CDATA[Report Genereated Please Check]]>
            </line>
          </reporter-output>
        </test-method> <!-- attachScreenShottoReport -->
      </class> <!-- com.TestRunner.LaunchApplication -->
    </test> <!-- Test -->
  </suite> <!-- Suite -->
</testng-results>
